26/06/2017, 14:32:11, 4, 0, D:\Kuliah\fix\LAPORAN_PELANGGAN.rpt:This field name is not known.
26/06/2017, 16:02:30, 4, 0, D:\Kuliah\fix\laporan_pelanggan.rpt:This field name is not known.
26/06/2017, 16:18:33, 4, 0, D:\Kuliah\fix\laporan_pelanggan.rpt:This field name is not known.
05/07/2017, 12:51:20, 4, 0, D:\Kuliah\fix\LAPORAN_PELANGGAN.rpt:This field name is not known.
06/07/2017, 4:25:22, 4, 0, D:\Kuliah\fix\LAPORAN_PELANGGAN.rpt:This field name is not known.
06/07/2017, 11:23:14, 4, 0, D:\Kuliah\fix\LAPORAN_PELANGGAN.rpt:This field name is not known.
06/07/2017, 14:17:10, 4, 0, D:\Kuliah\fix\LAPORAN_PELANGGAN.rpt:This field name is not known.
18/07/2017, 20:56:43, 4, 0, D:\Kuliah\fix\LAPORAN_PELANGGAN.rpt:Error detected by database DLL.
18/07/2017, 22:56:01, 4, 0, :File not found.
18/07/2017, 22:56:01, 4, 0, :File not found.
16/08/2017, 10:01:28, 4, 0, D:\Kuliah\fix\Laporan_pelanggan.rpt:This field name is not known.
16/08/2017, 10:01:48, 4, 0, D:\Kuliah\fix\Laporan_pelanggan.rpt:This field name is not known.
16/08/2017, 10:02:06, 4, 0, D:\Kuliah\fix\Laporan_pelanggan.rpt:This field name is not known.
16/08/2017, 10:02:50, 4, 0, D:\Kuliah\fix\Laporan_pelanggan.rpt:This field name is not known.
16/08/2017, 10:03:07, 4, 0, D:\Kuliah\fix\Laporan_pelanggan.rpt:A string is required here.
16/08/2017, 10:03:54, 4, 0, D:\Kuliah\fix\Laporan_pelanggan.rpt:A string is required here.
16/08/2017, 10:04:10, 4, 0, D:\Kuliah\fix\Laporan_pelanggan.rpt:This field name is not known.
16/08/2017, 10:05:59, 4, 0, D:\Kuliah\fix\Laporan_pelanggan.rpt:This field name is not known.
16/08/2017, 10:08:12, 4, 0, D:\Kuliah\fix\Laporan_pelanggan.rpt:This field name is not known.
16/08/2017, 10:09:45, 4, 0, D:\Kuliah\fix\Laporan_pelanggan.rpt:This field name is not known.
16/08/2017, 10:10:00, 4, 0, D:\Kuliah\fix\Laporan_pelanggan.rpt:This field name is not known.
16/08/2017, 10:10:28, 4, 0, D:\Kuliah\fix\Laporan_pelanggan.rpt:A string is required here.
17/08/2017, 11:26:43, 4, 0, D:\Kuliah\fix\struk.rpt:Error detected by database DLL.
17/08/2017, 11:26:57, 4, 0, D:\Kuliah\fix\struk.rpt:Error detected by database DLL.
17/08/2017, 11:30:16, 4, 0, D:\Kuliah\fix\struk.rpt:Error detected by database DLL.
17/08/2017, 11:38:07, 4, 0, D:\Kuliah\fix\struk.rpt:Error detected by database DLL.
17/08/2017, 11:42:48, 4, 0, D:\Kuliah\fix\struk.rpt:Error detected by database DLL.
17/08/2017, 11:47:45, 4, 0, D:\Kuliah\fix\struk.rpt:Error detected by database DLL.
17/08/2017, 11:48:20, 4, 0, D:\Kuliah\fix\struk.rpt:Error detected by database DLL.
17/08/2017, 16:12:33, 4, 0, D:\Kuliah\fix\Laporantransaksi.rpt:Error detected by database DLL.
17/08/2017, 16:12:46, 4, 0, D:\Kuliah\fix\Laporantransaksi.rpt:Error detected by database DLL.
20/08/2017, 23:27:29, 4, 0, D:\Kuliah\fix\Laporan_retur.rpt:This field name is not known.
20/08/2017, 23:41:34, 4, 0, :File not found.
20/08/2017, 23:41:34, 4, 0, :File not found.
20/08/2017, 23:41:43, 4, 0, :File not found.
20/08/2017, 23:41:53, 4, 0, :File not found.
